<?xml version="1.0" encoding="UTF-8"?>
<testng-results ignored="0" total="2" passed="2" failed="0" skipped="0">
  <reporter-output>
    <line>
      <![CDATA[LOGOUT]]>
    </line>
    <line>
      <![CDATA[Login]]>
    </line>
  </reporter-output>
  <suite started-at="2023-09-02T19:52:05 IST" name="Default suite" finished-at="2023-09-02T19:52:05 IST" duration-ms="33">
    <groups>
    </groups>
    <test started-at="2023-09-02T19:52:05 IST" name="Default test" finished-at="2023-09-02T19:52:05 IST" duration-ms="33">
      <class name="com.actitime.log1.ActitimeLogin">
        <test-method signature="logOut()[pri:0, instance:com.actitime.log1.ActitimeLogin@5f058f00]" started-at="2023-09-02T19:52:05 IST" name="logOut" finished-at="2023-09-02T19:52:05 IST" duration-ms="5" status="PASS">
          <reporter-output>
            <line>
              <![CDATA[LOGOUT]]>
            </line>
          </reporter-output>
        </test-method> <!-- logOut -->
        <test-method signature="loginActi()[pri:0, instance:com.actitime.log1.ActitimeLogin@5f058f00]" started-at="2023-09-02T19:52:05 IST" name="loginActi" finished-at="2023-09-02T19:52:05 IST" duration-ms="1" status="PASS">
          <reporter-output>
            <line>
              <![CDATA[Login]]>
            </line>
          </reporter-output>
        </test-method> <!-- loginActi -->
      </class> <!-- com.actitime.log1.ActitimeLogin -->
    </test> <!-- Default test -->
  </suite> <!-- Default suite -->
</testng-results>
